<?xml version="1.0" encoding="UTF-8"?>
<!-- Generated by org.testng.reporters.JUnitReportReporter -->
<testsuite hostname="TIBCO-PF372WXP" failures="0" tests="1" name="testBasic.checkCourseTestNg" time="0.894" errors="0" timestamp="2022-02-14T18:20:35 IST" skipped="0">
  <testcase classname="testBasic.checkCourseTestNg" name="checkTotal" time="0.894"/>
  <system-out/>
</testsuite> <!-- testBasic.checkCourseTestNg -->
