<?xml version="1.0" encoding="UTF-8"?>
<!-- Generated by org.testng.reporters.JUnitReportReporter -->
<testsuite hostname="TIBCO-PF372WXP" failures="0" tests="3" name="AddBookTestng" time="6.727" errors="0" timestamp="2022-02-16T17:11:42 IST" skipped="0">
  <testcase classname="AddBookTestng" name="AddBook" time="2.406"/>
  <system-out/>
  <testcase classname="AddBookTestng" name="AddBook" time="3.456"/>
  <system-out/>
  <testcase classname="AddBookTestng" name="AddBook" time="0.865"/>
  <system-out/>
</testsuite> <!-- AddBookTestng -->
