<?xml version="1.0" encoding="UTF-8"?>
<!-- Generated by org.testng.reporters.JUnitReportReporter -->
<testsuite hostname="TIBCO-PF372WXP" failures="0" tests="1" name="StaticJson" time="4.820" errors="0" timestamp="2022-02-17T11:35:47 IST" skipped="0">
  <testcase classname="StaticJson" name="addBook" time="4.820"/>
  <system-out/>
</testsuite> <!-- StaticJson -->
